--- Scraping Summary ---

Start Time: 2025-08-27 16:37:28
End Time:   2025-08-27 17:27:32
Duration:   0:50:04

Scraped 23 pages and found 690 company profiles.


--- Final Statistics ---
Total companies with at least one email found: 346 / 690

Country Frequency:
- Italy: 216
- Spain: 191
- France: 66
- Germany: 51
- Portugal: 35
- Cyprus: 26
- Greece: 19
- Hungary: 13
- United Kingdom: 12
- Austria: 11
- Netherlands: 9
- Belgium: 9
- Slovenia: 4
- Czechia: 3
- Bulgaria: 3
- Poland: 3
- Romania: 3
- Croatia: 3
- Switzerland: 2
- Türkiye: 2
- Finland: 1
- Belarus: 1
- Moldova: 1
- Ukraine: 1
- Australia: 1
- Luxembourg: 1
- Georgia: 1
- Ufs.Country_Names.Ru: 1
- Albania: 1
--- Notable Cases ---
Companies with no website link: 95
- CSANYI WINERY CLOSED COMPANY LIMITED BY SHARES
- VINI NARDO'
- WINE SPIRIT BARCELONA
- BT.RM WINERY SOCIETA' A RESPONSABILITA' LIMITATA SEMPLIFICATA
- LATENTIA WINERY S.P.A.
- SIERRA
- SOCIÉTÉ FESTES ET LAGARDE MOURVIELS
- BILDERBERG BIG S.L.
- CEZAR WINERY PEZSGOGYARTO, BORKERESKEDELMI ES SZOLGALTATO KORLATOLT FELELOSSEGU TARSASAG
- LA FABRIQUE PHOTO
...

Companies with no email found on their site: 249
- SCHLOSS THORN
- DI GIOVANNA S.R.L.
- O.M.A.F. SRL
- TENUTA CARBOGNANO
- FORATIA EUROPE OU
- PRVNÍ VINA?SKÁ SPOL. S R. O. - VÝROBA VÍNA A OCHUTNÁVKY
- Bodegas Vega Norte
- COLLE DI SIDURI WINE
- FRANCE FIL INTERNATIONAL
- CHÂTEAUX ET VINS DE BORDEAUX
...
